生成启动时间为 2014/7/25 10:59:12。
     1>项目“C:\Users\lenovo\Desktop\PlaneWar\PlaneWar\PlaneWar.vcxproj”在节点 2 上(build 个目标)。
     1>InitializeBuildStatus:
         正在创建“Debug\PlaneWar.unsuccessfulbuild”，因为已指定“AlwaysCreate”。
       ClCompile:
         C:\Program Files\Microsoft Visual Studio 10.0\VC\bin\CL.exe /c /ZI /nologo /W3 /WX- /Od /Oy- /D _MBCS /Gm /EHsc /RTC1 /MDd /GS /fp:precise /Zc:wchar_t /Zc:forScope /Fo"Debug\\" /Fd"Debug\vc100.pdb" /Gd /TP /analyze- /errorReport:prompt Drawer.cpp Elements.cpp Logic.cpp Map.cpp Menu.cpp Scene.cpp Sound.cpp Tools.cpp bgmenu.cpp main.cpp
         Drawer.cpp
     1>c:\users\lenovo\desktop\planewar\planewar\elements.h(125): warning C4305: “+=”: 从“double”到“float”截断
     1>c:\users\lenovo\desktop\planewar\planewar\drawer.cpp(68): warning C4244: “参数”: 从“double”转换到“float”，可能丢失数据
     1>c:\users\lenovo\desktop\planewar\planewar\drawer.cpp(75): warning C4244: “参数”: 从“double”转换到“float”，可能丢失数据
     1>c:\users\lenovo\desktop\planewar\planewar\drawer.cpp(85): warning C4305: “参数”: 从“double”到“float”截断
     1>c:\users\lenovo\desktop\planewar\planewar\drawer.cpp(88): warning C4305: “参数”: 从“double”到“float”截断
     1>c:\users\lenovo\desktop\planewar\planewar\drawer.cpp(91): warning C4305: “参数”: 从“double”到“float”截断
         正在生成代码...
         正在编译...
         main.cpp
     1>c:\users\lenovo\desktop\planewar\planewar\elements.h(125): warning C4305: “+=”: 从“double”到“float”截断
     1>c:\users\lenovo\desktop\planewar\planewar\main.cpp(18): warning C4244: “参数”: 从“time_t”转换到“unsigned int”，可能丢失数据
         bgmenu.cpp
     1>c:\users\lenovo\desktop\planewar\planewar\elements.h(125): warning C4305: “+=”: 从“double”到“float”截断
         Tools.cpp
     1>c:\users\lenovo\desktop\planewar\planewar\elements.h(125): warning C4305: “+=”: 从“double”到“float”截断
     1>c:\users\lenovo\desktop\planewar\planewar\tools.cpp(24): warning C4244: “初始化”: 从“float”转换到“int”，可能丢失数据
     1>c:\users\lenovo\desktop\planewar\planewar\tools.cpp(24): warning C4244: “初始化”: 从“float”转换到“int”，可能丢失数据
     1>c:\users\lenovo\desktop\planewar\planewar\tools.cpp(24): warning C4244: “初始化”: 从“float”转换到“int”，可能丢失数据
     1>c:\users\lenovo\desktop\planewar\planewar\tools.cpp(24): warning C4244: “初始化”: 从“float”转换到“int”，可能丢失数据
     1>c:\users\lenovo\desktop\planewar\planewar\tools.cpp(25): warning C4244: “初始化”: 从“float”转换到“int”，可能丢失数据
     1>c:\users\lenovo\desktop\planewar\planewar\tools.cpp(25): warning C4244: “初始化”: 从“float”转换到“int”，可能丢失数据
     1>c:\users\lenovo\desktop\planewar\planewar\tools.cpp(25): warning C4244: “初始化”: 从“float”转换到“int”，可能丢失数据
     1>c:\users\lenovo\desktop\planewar\planewar\tools.cpp(25): warning C4244: “初始化”: 从“float”转换到“int”，可能丢失数据
     1>c:\users\lenovo\desktop\planewar\planewar\tools.cpp(31): warning C4244: “参数”: 从“int”转换到“float”，可能丢失数据
     1>c:\users\lenovo\desktop\planewar\planewar\tools.cpp(31): warning C4244: “参数”: 从“int”转换到“float”，可能丢失数据
     1>c:\users\lenovo\desktop\planewar\planewar\tools.cpp(31): warning C4244: “参数”: 从“int”转换到“float”，可能丢失数据
     1>c:\users\lenovo\desktop\planewar\planewar\tools.cpp(31): warning C4244: “参数”: 从“int”转换到“float”，可能丢失数据
     1>c:\users\lenovo\desktop\planewar\planewar\tools.cpp(35): warning C4244: “=”: 从“float”转换到“int”，可能丢失数据
     1>c:\users\lenovo\desktop\planewar\planewar\tools.cpp(36): warning C4244: “=”: 从“float”转换到“int”，可能丢失数据
     1>c:\users\lenovo\desktop\planewar\planewar\tools.cpp(37): warning C4244: “=”: 从“float”转换到“int”，可能丢失数据
     1>c:\users\lenovo\desktop\planewar\planewar\tools.cpp(38): warning C4244: “=”: 从“float”转换到“int”，可能丢失数据
     1>c:\users\lenovo\desktop\planewar\planewar\tools.cpp(281): warning C4305: “初始化”: 从“double”到“float”截断
     1>c:\users\lenovo\desktop\planewar\planewar\tools.cpp(285): warning C4244: “=”: 从“double”转换到“float”，可能丢失数据
     1>c:\users\lenovo\desktop\planewar\planewar\tools.cpp(288): warning C4305: “参数”: 从“double”到“float”截断
     1>c:\users\lenovo\desktop\planewar\planewar\tools.cpp(300): warning C4244: “参数”: 从“double”转换到“float”，可能丢失数据
     1>c:\users\lenovo\desktop\planewar\planewar\tools.cpp(304): warning C4305: “参数”: 从“double”到“float”截断
     1>c:\users\lenovo\desktop\planewar\planewar\tools.cpp(305): warning C4244: “参数”: 从“double”转换到“float”，可能丢失数据
     1>c:\users\lenovo\desktop\planewar\planewar\tools.cpp(310): warning C4244: “参数”: 从“double”转换到“float”，可能丢失数据
     1>c:\users\lenovo\desktop\planewar\planewar\tools.cpp(327): warning C4305: “初始化”: 从“double”到“float”截断
     1>c:\users\lenovo\desktop\planewar\planewar\tools.cpp(330): warning C4244: “=”: 从“double”转换到“float”，可能丢失数据
     1>c:\users\lenovo\desktop\planewar\planewar\tools.cpp(334): warning C4305: “参数”: 从“double”到“float”截断
     1>c:\users\lenovo\desktop\planewar\planewar\tools.cpp(339): warning C4305: “参数”: 从“double”到“float”截断
     1>c:\users\lenovo\desktop\planewar\planewar\tools.cpp(348): warning C4244: “参数”: 从“double”转换到“float”，可能丢失数据
     1>c:\users\lenovo\desktop\planewar\planewar\tools.cpp(357): warning C4305: “初始化”: 从“double”到“float”截断
     1>c:\users\lenovo\desktop\planewar\planewar\tools.cpp(360): warning C4244: “=”: 从“double”转换到“float”，可能丢失数据
     1>c:\users\lenovo\desktop\planewar\planewar\tools.cpp(364): warning C4305: “参数”: 从“double”到“float”截断
     1>c:\users\lenovo\desktop\planewar\planewar\tools.cpp(368): warning C4305: “参数”: 从“double”到“float”截断
     1>c:\users\lenovo\desktop\planewar\planewar\tools.cpp(373): warning C4305: “参数”: 从“double”到“float”截断
     1>c:\users\lenovo\desktop\planewar\planewar\tools.cpp(385): warning C4305: “参数”: 从“double”到“float”截断
     1>c:\users\lenovo\desktop\planewar\planewar\tools.cpp(385): warning C4244: “参数”: 从“double”转换到“float”，可能丢失数据
     1>c:\users\lenovo\desktop\planewar\planewar\tools.cpp(392): warning C4305: “参数”: 从“double”到“float”截断
     1>c:\users\lenovo\desktop\planewar\planewar\tools.cpp(397): warning C4305: “参数”: 从“double”到“float”截断
     1>c:\users\lenovo\desktop\planewar\planewar\tools.cpp(404): warning C4305: “初始化”: 从“double”到“float”截断
     1>c:\users\lenovo\desktop\planewar\planewar\tools.cpp(407): warning C4244: “=”: 从“double”转换到“float”，可能丢失数据
     1>c:\users\lenovo\desktop\planewar\planewar\tools.cpp(409): warning C4305: “参数”: 从“double”到“float”截断
     1>c:\users\lenovo\desktop\planewar\planewar\tools.cpp(409): warning C4244: “参数”: 从“double”转换到“float”，可能丢失数据
     1>c:\users\lenovo\desktop\planewar\planewar\tools.cpp(416): warning C4305: “初始化”: 从“double”到“float”截断
     1>c:\users\lenovo\desktop\planewar\planewar\tools.cpp(420): warning C4244: “=”: 从“double”转换到“float”，可能丢失数据
     1>c:\users\lenovo\desktop\planewar\planewar\tools.cpp(423): warning C4305: “参数”: 从“double”到“float”截断
     1>c:\users\lenovo\desktop\planewar\planewar\tools.cpp(435): warning C4244: “参数”: 从“double”转换到“float”，可能丢失数据
     1>c:\users\lenovo\desktop\planewar\planewar\tools.cpp(436): warning C4305: “参数”: 从“double”到“float”截断
     1>c:\users\lenovo\desktop\planewar\planewar\tools.cpp(436): warning C4244: “参数”: 从“double”转换到“float”，可能丢失数据
     1>c:\users\lenovo\desktop\planewar\planewar\tools.cpp(440): warning C4305: “参数”: 从“double”到“float”截断
     1>c:\users\lenovo\desktop\planewar\planewar\tools.cpp(441): warning C4244: “参数”: 从“double”转换到“float”，可能丢失数据
     1>c:\users\lenovo\desktop\planewar\planewar\tools.cpp(446): warning C4244: “参数”: 从“double”转换到“float”，可能丢失数据
     1>c:\users\lenovo\desktop\planewar\planewar\tools.cpp(468): warning C4244: “参数”: 从“double”转换到“float”，可能丢失数据
     1>c:\users\lenovo\desktop\planewar\planewar\tools.cpp(512): warning C4305: “+=”: 从“double”到“float”截断
     1>c:\users\lenovo\desktop\planewar\planewar\tools.cpp(528): warning C4244: “参数”: 从“double”转换到“float”，可能丢失数据
         Sound.cpp
     1>c:\users\lenovo\desktop\planewar\planewar\elements.h(125): warning C4305: “+=”: 从“double”到“float”截断
         Scene.cpp
     1>c:\users\lenovo\desktop\planewar\planewar\elements.h(125): warning C4305: “+=”: 从“double”到“float”截断
     1>c:\users\lenovo\desktop\planewar\planewar\scene.cpp(167): warning C4305: “初始化”: 从“double”到“float”截断
     1>c:\users\lenovo\desktop\planewar\planewar\scene.cpp(569): warning C4244: “参数”: 从“double”转换到“float”，可能丢失数据
     1>c:\users\lenovo\desktop\planewar\planewar\scene.cpp(573): warning C4305: “参数”: 从“double”到“float”截断
     1>c:\users\lenovo\desktop\planewar\planewar\scene.cpp(573): warning C4244: “参数”: 从“double”转换到“float”，可能丢失数据
     1>c:\users\lenovo\desktop\planewar\planewar\scene.cpp(581): warning C4244: “参数”: 从“double”转换到“float”，可能丢失数据
     1>c:\users\lenovo\desktop\planewar\planewar\scene.cpp(585): warning C4244: “参数”: 从“double”转换到“float”，可能丢失数据
     1>c:\users\lenovo\desktop\planewar\planewar\scene.cpp(589): warning C4244: “参数”: 从“double”转换到“float”，可能丢失数据
     1>c:\users\lenovo\desktop\planewar\planewar\scene.cpp(593): warning C4244: “参数”: 从“double”转换到“float”，可能丢失数据
     1>c:\users\lenovo\desktop\planewar\planewar\scene.cpp(597): warning C4244: “参数”: 从“double”转换到“float”，可能丢失数据
     1>c:\users\lenovo\desktop\planewar\planewar\scene.cpp(971): warning C4244: “参数”: 从“double”转换到“float”，可能丢失数据
     1>c:\users\lenovo\desktop\planewar\planewar\scene.cpp(974): warning C4244: “参数”: 从“double”转换到“float”，可能丢失数据
     1>c:\users\lenovo\desktop\planewar\planewar\scene.cpp(977): warning C4244: “参数”: 从“double”转换到“float”，可能丢失数据
     1>c:\users\lenovo\desktop\planewar\planewar\scene.cpp(993): warning C4244: “参数”: 从“double”转换到“float”，可能丢失数据
     1>c:\users\lenovo\desktop\planewar\planewar\scene.cpp(996): warning C4244: “参数”: 从“double”转换到“float”，可能丢失数据
     1>c:\users\lenovo\desktop\planewar\planewar\scene.cpp(999): warning C4244: “参数”: 从“double”转换到“float”，可能丢失数据
     1>c:\users\lenovo\desktop\planewar\planewar\scene.cpp(1002): warning C4244: “参数”: 从“double”转换到“float”，可能丢失数据
     1>c:\users\lenovo\desktop\planewar\planewar\scene.cpp(1005): warning C4244: “参数”: 从“double”转换到“float”，可能丢失数据
     1>c:\users\lenovo\desktop\planewar\planewar\scene.cpp(1008): warning C4244: “参数”: 从“double”转换到“float”，可能丢失数据
     1>c:\users\lenovo\desktop\planewar\planewar\scene.cpp(1011): warning C4244: “参数”: 从“double”转换到“float”，可能丢失数据
     1>c:\users\lenovo\desktop\planewar\planewar\scene.cpp(1014): warning C4244: “参数”: 从“double”转换到“float”，可能丢失数据
     1>c:\users\lenovo\desktop\planewar\planewar\scene.cpp(1017): warning C4244: “参数”: 从“double”转换到“float”，可能丢失数据
     1>c:\users\lenovo\desktop\planewar\planewar\scene.cpp(1020): warning C4244: “参数”: 从“double”转换到“float”，可能丢失数据
     1>c:\users\lenovo\desktop\planewar\planewar\scene.cpp(1023): warning C4244: “参数”: 从“double”转换到“float”，可能丢失数据
     1>c:\users\lenovo\desktop\planewar\planewar\scene.cpp(1162): warning C4244: “参数”: 从“double”转换到“float”，可能丢失数据
     1>c:\users\lenovo\desktop\planewar\planewar\scene.cpp(1162): warning C4244: “参数”: 从“double”转换到“float”，可能丢失数据
     1>c:\users\lenovo\desktop\planewar\planewar\scene.cpp(1168): warning C4244: “参数”: 从“double”转换到“float”，可能丢失数据
         Menu.cpp
     1>c:\users\lenovo\desktop\planewar\planewar\elements.h(125): warning C4305: “+=”: 从“double”到“float”截断
     1>c:\users\lenovo\desktop\planewar\planewar\menu.cpp(69): warning C4244: “参数”: 从“int”转换到“float”，可能丢失数据
         Map.cpp
     1>c:\users\lenovo\desktop\planewar\planewar\elements.h(125): warning C4305: “+=”: 从“double”到“float”截断
     1>c:\users\lenovo\desktop\planewar\planewar\map.cpp(80): warning C4305: “初始化”: 从“double”到“float”截断
     1>c:\users\lenovo\desktop\planewar\planewar\map.cpp(94): warning C4305: “参数”: 从“double”到“float”截断
     1>c:\users\lenovo\desktop\planewar\planewar\map.cpp(284): warning C4244: “参数”: 从“double”转换到“float”，可能丢失数据
     1>c:\users\lenovo\desktop\planewar\planewar\map.cpp(327): warning C4305: “初始化”: 从“double”到“float”截断
     1>c:\users\lenovo\desktop\planewar\planewar\map.cpp(332): warning C4305: “参数”: 从“double”到“float”截断
     1>c:\users\lenovo\desktop\planewar\planewar\map.cpp(457): warning C4244: “参数”: 从“double”转换到“float”，可能丢失数据
     1>c:\users\lenovo\desktop\planewar\planewar\map.cpp(457): warning C4244: “参数”: 从“double”转换到“float”，可能丢失数据
     1>c:\users\lenovo\desktop\planewar\planewar\map.cpp(457): warning C4244: “参数”: 从“double”转换到“float”，可能丢失数据
     1>c:\users\lenovo\desktop\planewar\planewar\map.cpp(457): warning C4244: “参数”: 从“double”转换到“float”，可能丢失数据
     1>c:\users\lenovo\desktop\planewar\planewar\map.cpp(460): warning C4244: “参数”: 从“double”转换到“float”，可能丢失数据
     1>c:\users\lenovo\desktop\planewar\planewar\map.cpp(462): warning C4244: “参数”: 从“double”转换到“float”，可能丢失数据
     1>c:\users\lenovo\desktop\planewar\planewar\map.cpp(487): warning C4244: “参数”: 从“double”转换到“float”，可能丢失数据
     1>c:\users\lenovo\desktop\planewar\planewar\map.cpp(487): warning C4244: “参数”: 从“double”转换到“float”，可能丢失数据
     1>c:\users\lenovo\desktop\planewar\planewar\map.cpp(487): warning C4244: “参数”: 从“double”转换到“float”，可能丢失数据
     1>c:\users\lenovo\desktop\planewar\planewar\map.cpp(487): warning C4244: “参数”: 从“double”转换到“float”，可能丢失数据
     1>c:\users\lenovo\desktop\planewar\planewar\map.cpp(545): warning C4244: “参数”: 从“double”转换到“float”，可能丢失数据
     1>c:\users\lenovo\desktop\planewar\planewar\map.cpp(545): warning C4244: “参数”: 从“double”转换到“float”，可能丢失数据
     1>c:\users\lenovo\desktop\planewar\planewar\map.cpp(545): warning C4244: “参数”: 从“double”转换到“float”，可能丢失数据
     1>c:\users\lenovo\desktop\planewar\planewar\map.cpp(545): warning C4244: “参数”: 从“double”转换到“float”，可能丢失数据
         Logic.cpp
     1>c:\users\lenovo\desktop\planewar\planewar\elements.h(125): warning C4305: “+=”: 从“double”到“float”截断
     1>c:\users\lenovo\desktop\planewar\planewar\logic.cpp(25): warning C4244: “参数”: 从“int”转换到“float”，可能丢失数据
     1>c:\users\lenovo\desktop\planewar\planewar\logic.cpp(37): warning C4244: “参数”: 从“int”转换到“float”，可能丢失数据
     1>c:\users\lenovo\desktop\planewar\planewar\logic.cpp(59): warning C4244: “参数”: 从“int”转换到“float”，可能丢失数据
     1>c:\users\lenovo\desktop\planewar\planewar\logic.cpp(71): warning C4244: “参数”: 从“int”转换到“float”，可能丢失数据
     1>c:\users\lenovo\desktop\planewar\planewar\logic.cpp(83): warning C4244: “参数”: 从“int”转换到“float”，可能丢失数据
     1>c:\users\lenovo\desktop\planewar\planewar\logic.cpp(105): warning C4244: “参数”: 从“int”转换到“float”，可能丢失数据
     1>c:\users\lenovo\desktop\planewar\planewar\logic.cpp(117): warning C4244: “参数”: 从“int”转换到“float”，可能丢失数据
     1>c:\users\lenovo\desktop\planewar\planewar\logic.cpp(129): warning C4244: “参数”: 从“int”转换到“float”，可能丢失数据
     1>c:\users\lenovo\desktop\planewar\planewar\logic.cpp(151): warning C4244: “参数”: 从“int”转换到“float”，可能丢失数据
     1>c:\users\lenovo\desktop\planewar\planewar\logic.cpp(163): warning C4244: “参数”: 从“int”转换到“float”，可能丢失数据
     1>c:\users\lenovo\desktop\planewar\planewar\logic.cpp(175): warning C4244: “参数”: 从“int”转换到“float”，可能丢失数据
     1>c:\users\lenovo\desktop\planewar\planewar\logic.cpp(197): warning C4244: “参数”: 从“int”转换到“float”，可能丢失数据
     1>c:\users\lenovo\desktop\planewar\planewar\logic.cpp(209): warning C4244: “参数”: 从“int”转换到“float”，可能丢失数据
     1>c:\users\lenovo\desktop\planewar\planewar\logic.cpp(221): warning C4244: “参数”: 从“int”转换到“float”，可能丢失数据
     1>c:\users\lenovo\desktop\planewar\planewar\logic.cpp(259): warning C4305: “初始化”: 从“double”到“float”截断
     1>c:\users\lenovo\desktop\planewar\planewar\logic.cpp(327): warning C4305: “参数”: 从“double”到“float”截断
     1>c:\users\lenovo\desktop\planewar\planewar\logic.cpp(328): warning C4305: “参数”: 从“double”到“float”截断
     1>c:\users\lenovo\desktop\planewar\planewar\logic.cpp(329): warning C4305: “参数”: 从“double”到“float”截断
     1>c:\users\lenovo\desktop\planewar\planewar\logic.cpp(356): warning C4305: “初始化”: 从“double”到“float”截断
     1>c:\users\lenovo\desktop\planewar\planewar\logic.cpp(407): warning C4305: “参数”: 从“double”到“float”截断
     1>c:\users\lenovo\desktop\planewar\planewar\logic.cpp(408): warning C4305: “参数”: 从“double”到“float”截断
     1>c:\users\lenovo\desktop\planewar\planewar\logic.cpp(409): warning C4305: “参数”: 从“double”到“float”截断
     1>c:\users\lenovo\desktop\planewar\planewar\logic.cpp(620): warning C4305: “=”: 从“double”到“float”截断
         Elements.cpp
     1>c:\users\lenovo\desktop\planewar\planewar\elements.h(125): warning C4305: “+=”: 从“double”到“float”截断
     1>c:\users\lenovo\desktop\planewar\planewar\elements.cpp(69): warning C4305: “=”: 从“double”到“float”截断
     1>c:\users\lenovo\desktop\planewar\planewar\elements.cpp(398): warning C4244: “+=”: 从“double”转换到“float”，可能丢失数据
     1>c:\users\lenovo\desktop\planewar\planewar\elements.cpp(461): warning C4244: “参数”: 从“double”转换到“float”，可能丢失数据
     1>c:\users\lenovo\desktop\planewar\planewar\elements.cpp(462): warning C4305: “参数”: 从“double”到“float”截断
     1>c:\users\lenovo\desktop\planewar\planewar\elements.cpp(470): warning C4244: “参数”: 从“double”转换到“float”，可能丢失数据
     1>c:\users\lenovo\desktop\planewar\planewar\elements.cpp(470): warning C4244: “参数”: 从“double”转换到“float”，可能丢失数据
     1>c:\users\lenovo\desktop\planewar\planewar\elements.cpp(471): warning C4305: “参数”: 从“double”到“float”截断
     1>c:\users\lenovo\desktop\planewar\planewar\elements.cpp(481): warning C4244: “参数”: 从“double”转换到“float”，可能丢失数据
     1>c:\users\lenovo\desktop\planewar\planewar\elements.cpp(481): warning C4244: “参数”: 从“double”转换到“float”，可能丢失数据
     1>c:\users\lenovo\desktop\planewar\planewar\elements.cpp(482): warning C4244: “参数”: 从“double”转换到“float”，可能丢失数据
     1>c:\users\lenovo\desktop\planewar\planewar\elements.cpp(502): warning C4244: “参数”: 从“double”转换到“float”，可能丢失数据
     1>c:\users\lenovo\desktop\planewar\planewar\elements.cpp(502): warning C4244: “参数”: 从“double”转换到“float”，可能丢失数据
     1>c:\users\lenovo\desktop\planewar\planewar\elements.cpp(503): warning C4305: “参数”: 从“double”到“float”截断
     1>c:\users\lenovo\desktop\planewar\planewar\elements.cpp(540): warning C4305: “参数”: 从“double”到“float”截断
     1>c:\users\lenovo\desktop\planewar\planewar\elements.cpp(550): warning C4305: “参数”: 从“double”到“float”截断
     1>c:\users\lenovo\desktop\planewar\planewar\elements.cpp(552): warning C4305: “参数”: 从“double”到“float”截断
     1>c:\users\lenovo\desktop\planewar\planewar\elements.cpp(594): warning C4244: “参数”: 从“double”转换到“float”，可能丢失数据
     1>c:\users\lenovo\desktop\planewar\planewar\elements.cpp(595): warning C4244: “参数”: 从“double”转换到“float”，可能丢失数据
     1>c:\users\lenovo\desktop\planewar\planewar\elements.cpp(617): warning C4244: “参数”: 从“double”转换到“float”，可能丢失数据
     1>c:\users\lenovo\desktop\planewar\planewar\elements.cpp(621): warning C4305: “参数”: 从“double”到“float”截断
         正在生成代码...
     1>c:\users\lenovo\desktop\planewar\planewar\scene.cpp(22): warning C4715: “Scene::get_pl_ani”: 不是所有的控件路径都返回值
     1>c:\users\lenovo\desktop\planewar\planewar\scene.cpp(125): warning C4715: “Scene::get_enemy_ani”: 不是所有的控件路径都返回值
     1>c:\users\lenovo\desktop\planewar\planewar\scene.cpp(162): warning C4715: “Scene::get_bull_spr”: 不是所有的控件路径都返回值
       Link:
         C:\Program Files\Microsoft Visual Studio 10.0\VC\bin\link.exe /ERRORREPORT:PROMPT /OUT:"C:\Users\lenovo\Desktop\PlaneWar\Debug\PlaneWar.exe" /NOLOGO /LIBPATH:"C:\Program Files\Microsoft Visual Studio 10.0\VC\lib\vc" hge.lib hgehelp.lib kernel32.lib user32.lib gdi32.lib winspool.lib comdlg32.lib advapi32.lib shell32.lib ole32.lib oleaut32.lib uuid.lib odbc32.lib odbccp32.lib /MANIFEST /ManifestFile:"Debug\PlaneWar.exe.intermediate.manifest" /MANIFESTUAC:"level='asInvoker' uiAccess='false'" /DEBUG /PDB:"C:\Users\lenovo\Desktop\PlaneWar\Debug\PlaneWar.pdb" /TLBID:1 /DYNAMICBASE /NXCOMPAT /IMPLIB:"C:\Users\lenovo\Desktop\PlaneWar\Debug\PlaneWar.lib" /MACHINE:X86 Debug\bgmenu.obj
         Debug\Drawer.obj
         Debug\Logic.obj
         Debug\main.obj
         Debug\Map.obj
         Debug\Elements.obj
         Debug\Menu.obj
         Debug\menuitem.obj
         Debug\Scene.obj
         Debug\Sound.obj
         Debug\Tools.obj
         Debug\winmenu.obj
         LINK : 没有找到 C:\Users\lenovo\Desktop\PlaneWar\Debug\PlaneWar.exe 或上一个增量链接没有生成它；正在执行完全链接
         PlaneWar.vcxproj -> C:\Users\lenovo\Desktop\PlaneWar\Debug\PlaneWar.exe
       Manifest:
         C:\Program Files\Microsoft SDKs\Windows\v7.0A\bin\mt.exe /nologo /verbose /outputresource:"C:\Users\lenovo\Desktop\PlaneWar\Debug\PlaneWar.exe;#1" /manifest Debug\PlaneWar.exe.intermediate.manifest
       FinalizeBuildStatus:
         正在删除文件“Debug\PlaneWar.unsuccessfulbuild”。
         正在对“Debug\PlaneWar.lastbuildstate”执行 Touch 任务。
     1>已完成生成项目“C:\Users\lenovo\Desktop\PlaneWar\PlaneWar\PlaneWar.vcxproj”(build 个目标)的操作。

生成成功。

已用时间 00:00:26.02
